2015-11-22 00:07:53,294-4916 | CRIT|==============log start============|
2015-11-22 00:07:55,028-4916 | INFO|IVS|1||IVS_SDK_Init||||2015-11-22 00:07:53.283|2015-11-22 00:07:55.028|0||
2015-11-22 10:45:59,504-6528 | CRIT|==============log start============|
2015-11-22 10:46:00,041-6528 | INFO|IVS|1||IVS_SDK_Init||||2015-11-22 10:45:59.504|2015-11-22 10:46:00.041|0||
2015-11-22 10:46:07,040-6528 |ERROR|IVS|1||IVS_SDK_Login||||2015-11-22 10:46:05.058|2015-11-22 10:46:07.039|109100019|SerIP=[172.17.101.2:9900],DomainName=, MachineName=, ClientType=0, LoginType=0|
2015-11-22 10:47:42,617-856  | CRIT|==============log start============|
2015-11-22 10:47:42,836-856  | INFO|IVS|1||IVS_SDK_Init||||2015-11-22 10:47:42.617|2015-11-22 10:47:42.836|0||
2015-11-22 10:47:56,466-856  |ERROR|IVS|1||IVS_SDK_Login||||2015-11-22 10:47:54.465|2015-11-22 10:47:56.466|109100019|SerIP=[172.17.101.2:9900],DomainName=, MachineName=, ClientType=0, LoginType=0|
2015-11-22 10:48:17,165-2816 | CRIT|==============log start============|
2015-11-22 10:48:17,348-2816 | INFO|IVS|1||IVS_SDK_Init||||2015-11-22 10:48:17.151|2015-11-22 10:48:17.348|0||
2015-11-22 10:48:20,144-2816 | INFO|IVS|1||IVS_SDK_Login||||2015-11-22 10:48:19.963|2015-11-22 10:48:20.144|0|SerIP=[172.17.101.2:9900],DomainName=, MachineName=, ClientType=0, LoginType=0|
2015-11-22 10:57:10,122-4768 | CRIT|==============log start============|
2015-11-22 10:57:10,279-4768 | INFO|IVS|1||IVS_SDK_Init||||2015-11-22 10:57:10.106|2015-11-22 10:57:10.279|0||
2015-11-22 10:57:14,726-4768 |ERROR|IVS|1||IVS_SDK_Login||||2015-11-22 10:57:12.889|2015-11-22 10:57:14.726|109100019|SerIP=[172.17.101.2:9900],DomainName=, MachineName=, ClientType=0, LoginType=0|
2015-11-22 11:01:08,219-6780 | CRIT|==============log start============|
2015-11-22 11:01:08,571-6780 | INFO|IVS|1||IVS_SDK_Init||||2015-11-22 11:01:08.219|2015-11-22 11:01:08.571|0||
2015-11-22 11:10:19,536-2240 | CRIT|==============log start============|
2015-11-22 11:10:19,800-2240 | INFO|IVS|1||IVS_SDK_Init||||2015-11-22 11:10:19.519|2015-11-22 11:10:19.800|0||
2015-11-22 11:10:24,361-2240 | INFO|IVS|1||IVS_SDK_Login||||2015-11-22 11:10:24.177|2015-11-22 11:10:24.361|0|SerIP=[172.17.101.2:9900],DomainName=, MachineName=, ClientType=0, LoginType=0|
2015-11-22 11:10:24,364-2240 |ERROR|IVS|1||IVS_SDK_StartRealPlay|||0|2015-11-22 11:10:24.361|2015-11-22 11:10:24.364|999115322|CameraCode=1|
2015-11-22 11:11:04,396-6440 | CRIT|==============log start============|
2015-11-22 11:11:04,704-6440 | INFO|IVS|1||IVS_SDK_Init||||2015-11-22 11:11:04.396|2015-11-22 11:11:04.704|0||
2015-11-22 11:11:07,552-6440 | INFO|IVS|1||IVS_SDK_Login||||2015-11-22 11:11:07.372|2015-11-22 11:11:07.552|0|SerIP=[172.17.101.2:9900],DomainName=, MachineName=, ClientType=0, LoginType=0|
2015-11-22 11:11:07,553-6440 |ERROR|IVS|1||IVS_SDK_StartRealPlay|||0|2015-11-22 11:11:07.552|2015-11-22 11:11:07.553|999115322|CameraCode=1|
2015-11-22 11:11:39,436-4936 | CRIT|==============log start============|
2015-11-22 11:11:39,467-4936 | INFO|IVS|1||IVS_SDK_Init||||2015-11-22 11:11:39.422|2015-11-22 11:11:39.467|0||
2015-11-22 11:11:41,881-4936 | INFO|IVS|1||IVS_SDK_Login||||2015-11-22 11:11:41.737|2015-11-22 11:11:41.881|0|SerIP=[172.17.101.2:9900],DomainName=, MachineName=, ClientType=0, LoginType=0|
2015-11-22 11:11:41,882-4936 |ERROR|IVS|1||IVS_SDK_StartRealPlay|||0|2015-11-22 11:11:41.881|2015-11-22 11:11:41.882|999115322|CameraCode=1|
2015-11-22 11:21:35,959-4368 | CRIT|==============log start============|
2015-11-22 11:21:36,145-4368 | INFO|IVS|1||IVS_SDK_Init||||2015-11-22 11:21:35.959|2015-11-22 11:21:36.145|0||
2015-11-22 11:21:38,843-4368 | INFO|IVS|1||IVS_SDK_Login||||2015-11-22 11:21:38.604|2015-11-22 11:21:38.843|0|SerIP=[172.17.101.2:9900],DomainName=, MachineName=, ClientType=0, LoginType=0|
2015-11-22 11:21:38,844-4368 |ERROR|IVS|1||IVS_SDK_StartRealPlay|||0|2015-11-22 11:21:38.843|2015-11-22 11:21:38.844|999115322|CameraCode=1|
2015-11-22 11:24:32,468-3612 | CRIT|==============log start============|
2015-11-22 11:24:32,640-3612 | INFO|IVS|1||IVS_SDK_Init||||2015-11-22 11:24:32.452|2015-11-22 11:24:32.640|0||
2015-11-22 11:24:34,653-3612 | INFO|IVS|1||IVS_SDK_Login||||2015-11-22 11:24:34.477|2015-11-22 11:24:34.653|0|SerIP=[172.17.101.2:9900],DomainName=, MachineName=, ClientType=0, LoginType=0|
2015-11-22 11:24:34,655-3612 |ERROR|IVS|1||IVS_SDK_StartRealPlay|||0|2015-11-22 11:24:34.654|2015-11-22 11:24:34.655|999115322|CameraCode=1|
2015-11-22 12:42:44,823-5560 | CRIT|==============log start============|
2015-11-22 12:42:45,418-5560 | INFO|IVS|1||IVS_SDK_Init||||2015-11-22 12:42:44.799|2015-11-22 12:42:45.418|0||
2015-11-22 12:42:55,290-5560 |ERROR|IVS|1||IVS_SDK_Login||||2015-11-22 12:42:52.286|2015-11-22 12:42:55.290|109100019|SerIP=[172.17.101.2:9900],DomainName=, MachineName=, ClientType=0, LoginType=0|
2015-11-22 13:09:59,526-6020 | CRIT|==============log start============|
2015-11-22 13:10:00,216-6020 | INFO|IVS|1||IVS_SDK_Init||||2015-11-22 13:09:59.512|2015-11-22 13:10:00.216|0||
2015-11-22 13:10:31,906-5872 | CRIT|==============log start============|
2015-11-22 13:10:32,220-5872 | INFO|IVS|1||IVS_SDK_Init||||2015-11-22 13:10:31.906|2015-11-22 13:10:32.220|0||
2015-11-22 13:14:24,428-4796 | CRIT|==============log start============|
2015-11-22 13:14:24,681-4796 | INFO|IVS|1||IVS_SDK_Init||||2015-11-22 13:14:24.428|2015-11-22 13:14:24.681|0||
2015-11-22 13:15:40,864-5912 | CRIT|==============log start============|
2015-11-22 13:15:41,103-5912 | INFO|IVS|1||IVS_SDK_Init||||2015-11-22 13:15:40.864|2015-11-22 13:15:41.103|0||
2015-11-22 13:18:39,959-3256 | CRIT|==============log start============|
2015-11-22 13:18:40,240-3256 | INFO|IVS|1||IVS_SDK_Init||||2015-11-22 13:18:39.959|2015-11-22 13:18:40.240|0||
2015-11-22 13:53:04,470-2816 | CRIT|==============log start============|
2015-11-22 13:53:04,965-2816 | INFO|IVS|1||IVS_SDK_Init||||2015-11-22 13:53:04.456|2015-11-22 13:53:04.965|0||
2015-11-22 13:53:09,089-2816 |ERROR|IVS|1||IVS_SDK_Login||||2015-11-22 13:53:07.132|2015-11-22 13:53:09.089|109100019|SerIP=[172.17.101.2:9900],DomainName=, MachineName=, ClientType=0, LoginType=0|
2015-11-22 16:08:56,677-1340 | CRIT|==============log start============|
2015-11-22 16:08:57,073-1340 | INFO|IVS|1||IVS_SDK_Init||||2015-11-22 16:08:56.667|2015-11-22 16:08:57.073|0||
2015-11-22 16:13:52,556-4284 | CRIT|==============log start============|
2015-11-22 16:13:52,619-4284 | INFO|IVS|1||IVS_SDK_Init||||2015-11-22 16:13:52.556|2015-11-22 16:13:52.619|0||
2015-11-22 16:14:35,705-7696 | CRIT|==============log start============|
2015-11-22 16:14:35,751-7696 | INFO|IVS|1||IVS_SDK_Init||||2015-11-22 16:14:35.705|2015-11-22 16:14:35.751|0||
2015-11-22 16:21:21,126-6440 | CRIT|==============log start============|
2015-11-22 16:21:21,238-6440 | INFO|IVS|1||IVS_SDK_Init||||2015-11-22 16:21:21.124|2015-11-22 16:21:21.238|0||
2015-11-22 16:25:14,450-5936 | CRIT|==============log start============|
2015-11-22 16:25:14,716-5936 | INFO|IVS|1||IVS_SDK_Init||||2015-11-22 16:25:14.448|2015-11-22 16:25:14.715|0||
2015-11-22 16:26:56,123-6440 | CRIT|==============log start============|
2015-11-22 16:26:56,249-6440 | INFO|IVS|1||IVS_SDK_Init||||2015-11-22 16:26:56.121|2015-11-22 16:26:56.249|0||
2015-11-22 16:27:56,150-7208 | CRIT|==============log start============|
2015-11-22 16:27:56,197-7208 | INFO|IVS|1||IVS_SDK_Init||||2015-11-22 16:27:56.150|2015-11-22 16:27:56.197|0||
2015-11-22 16:30:47,738-4104 | CRIT|==============log start============|
2015-11-22 16:30:47,781-4104 | INFO|IVS|1||IVS_SDK_Init||||2015-11-22 16:30:47.738|2015-11-22 16:30:47.781|0||
2015-11-22 16:34:56,912-2536 | CRIT|==============log start============|
2015-11-22 16:34:56,974-2536 | INFO|IVS|1||IVS_SDK_Init||||2015-11-22 16:34:56.912|2015-11-22 16:34:56.974|0||
2015-11-22 16:35:40,653-2912 | CRIT|==============log start============|
2015-11-22 16:35:40,716-2912 | INFO|IVS|1||IVS_SDK_Init||||2015-11-22 16:35:40.653|2015-11-22 16:35:40.716|0||
2015-11-22 16:35:48,408-2912 |ERROR|IVS|1||IVS_SDK_Login||||2015-11-22 16:35:46.404|2015-11-22 16:35:48.407|109100019|SerIP=[172.17.101.2:9900],DomainName=, MachineName=, ClientType=0, LoginType=0|
2015-11-22 16:37:12,331-2492 | CRIT|==============log start============|
2015-11-22 16:37:12,378-2492 | INFO|IVS|1||IVS_SDK_Init||||2015-11-22 16:37:12.331|2015-11-22 16:37:12.378|0||
2015-11-22 16:37:15,715-2492 |ERROR|IVS|1||IVS_SDK_Login||||2015-11-22 16:37:13.712|2015-11-22 16:37:15.714|109100019|SerIP=[172.17.101.2:9900],DomainName=, MachineName=, ClientType=0, LoginType=0|
2015-11-22 16:37:44,973-2492 | INFO|IVS|1||IVS_SDK_Login||||2015-11-22 16:37:44.790|2015-11-22 16:37:44.973|0|SerIP=[172.17.101.2:9900],DomainName=, MachineName=, ClientType=0, LoginType=0|
2015-11-22 16:37:44,976-2492 |ERROR|IVS|1||IVS_SDK_StartRealPlay|||0|2015-11-22 16:37:44.973|2015-11-22 16:37:44.975|999115322|CameraCode=1|
2015-11-22 16:39:13,913-4472 | CRIT|==============log start============|
2015-11-22 16:39:13,983-4472 | INFO|IVS|1||IVS_SDK_Init||||2015-11-22 16:39:13.912|2015-11-22 16:39:13.983|0||
2015-11-22 16:39:20,898-4472 | INFO|IVS|1||IVS_SDK_Login||||2015-11-22 16:39:20.733|2015-11-22 16:39:20.898|0|SerIP=[172.17.101.2:9900],DomainName=, MachineName=, ClientType=0, LoginType=0|
2015-11-22 16:39:20,899-4472 |ERROR|IVS|1||IVS_SDK_StartRealPlay|||0|2015-11-22 16:39:20.898|2015-11-22 16:39:20.899|999115322|CameraCode=1|
2015-11-22 17:16:44,742-7040 | CRIT|==============log start============|
2015-11-22 17:16:44,789-7040 | INFO|IVS|1||IVS_SDK_Init||||2015-11-22 17:16:44.742|2015-11-22 17:16:44.789|0||
2015-11-22 17:16:46,435-7040 | INFO|IVS|1||IVS_SDK_Login||||2015-11-22 17:16:46.276|2015-11-22 17:16:46.435|0|SerIP=[172.17.101.2:9900],DomainName=, MachineName=, ClientType=0, LoginType=0|
2015-11-22 17:16:46,515-7040 | INFO|IVS|1||IVS_SDK_GetDeviceList|||0|2015-11-22 17:16:46.435|2015-11-22 17:16:46.515|0|DeviceType=2,BufSize=9812|
2015-11-22 17:16:56,535-6944 | CRIT|==============log start============|
2015-11-22 17:16:56,854-6944 | INFO|IVS|1||IVS_SDK_Init||||2015-11-22 17:16:56.533|2015-11-22 17:16:56.854|0||
2015-11-22 17:16:58,731-6944 | INFO|IVS|1||IVS_SDK_Login||||2015-11-22 17:16:58.559|2015-11-22 17:16:58.731|0|SerIP=[172.17.101.2:9900],DomainName=, MachineName=, ClientType=0, LoginType=0|
2015-11-22 17:16:58,809-6944 | INFO|IVS|1||IVS_SDK_GetDeviceList|||0|2015-11-22 17:16:58.732|2015-11-22 17:16:58.809|0|DeviceType=2,BufSize=9812|
2015-11-22 17:18:04,812-6692 | CRIT|==============log start============|
2015-11-22 17:18:04,955-6692 | INFO|IVS|1||IVS_SDK_Init||||2015-11-22 17:18:04.810|2015-11-22 17:18:04.955|0||
2015-11-22 17:18:06,118-6692 | INFO|IVS|1||IVS_SDK_Login||||2015-11-22 17:18:05.965|2015-11-22 17:18:06.118|0|SerIP=[172.17.101.2:9900],DomainName=, MachineName=, ClientType=0, LoginType=0|
2015-11-22 17:18:12,619-6692 | INFO|IVS|1||IVS_SDK_GetDeviceList|||0|2015-11-22 17:18:12.546|2015-11-22 17:18:12.619|0|DeviceType=2,BufSize=9812|
2015-11-22 17:23:11,967-4844 | CRIT|==============log start============|
2015-11-22 17:23:12,014-4844 | INFO|IVS|1||IVS_SDK_Init||||2015-11-22 17:23:11.967|2015-11-22 17:23:12.014|0||
2015-11-22 17:23:16,090-4844 | INFO|IVS|1||IVS_SDK_Login||||2015-11-22 17:23:15.931|2015-11-22 17:23:16.090|0|SerIP=[172.17.101.2:9900],DomainName=, MachineName=, ClientType=0, LoginType=0|
2015-11-22 17:23:16,176-4844 | INFO|IVS|1||IVS_SDK_GetDeviceList|||0|2015-11-22 17:23:16.090|2015-11-22 17:23:16.176|0|DeviceType=2,BufSize=9812|
2015-11-22 17:23:46,236-8000 | CRIT|==============log start============|
2015-11-22 17:23:46,283-8000 | INFO|IVS|1||IVS_SDK_Init||||2015-11-22 17:23:46.236|2015-11-22 17:23:46.283|0||
2015-11-22 17:23:49,074-8000 | INFO|IVS|1||IVS_SDK_Login||||2015-11-22 17:23:48.891|2015-11-22 17:23:49.074|0|SerIP=[172.17.101.2:9900],DomainName=, MachineName=, ClientType=0, LoginType=0|
2015-11-22 17:23:49,157-8000 | INFO|IVS|1||IVS_SDK_GetDeviceList|||0|2015-11-22 17:23:49.074|2015-11-22 17:23:49.157|0|DeviceType=2,BufSize=9812|
2015-11-22 17:23:49,161-8000 |ERROR|IVS|1||IVS_SDK_StartRealPlay|||0|2015-11-22 17:23:49.160|2015-11-22 17:23:49.161|999115322|CameraCode=1|
2015-11-22 17:28:25,305-7696 | CRIT|==============log start============|
2015-11-22 17:28:25,360-7696 | INFO|IVS|1||IVS_SDK_Init||||2015-11-22 17:28:25.305|2015-11-22 17:28:25.360|0||
2015-11-22 17:28:28,278-7696 | INFO|IVS|1||IVS_SDK_Login||||2015-11-22 17:28:28.147|2015-11-22 17:28:28.278|0|SerIP=[172.17.101.2:9900],DomainName=, MachineName=, ClientType=0, LoginType=0|
2015-11-22 17:28:28,358-7696 | INFO|IVS|1||IVS_SDK_GetDeviceList|||0|2015-11-22 17:28:28.278|2015-11-22 17:28:28.358|0|DeviceType=2,BufSize=9812|
2015-11-22 17:28:28,390-7696 |ERROR|IVS|1||IVS_SDK_StartRealPlay|||0|2015-11-22 17:28:28.358|2015-11-22 17:28:28.390|129108001|CameraCode=09569040000000000101#b6bfedbd2bb84861913ac25d21d88241|
2015-11-22 17:29:54,653-2856 | CRIT|==============log start============|
2015-11-22 17:29:54,715-2856 | INFO|IVS|1||IVS_SDK_Init||||2015-11-22 17:29:54.653|2015-11-22 17:29:54.715|0||
2015-11-22 17:29:56,451-2856 | INFO|IVS|1||IVS_SDK_Login||||2015-11-22 17:29:56.293|2015-11-22 17:29:56.451|0|SerIP=[172.17.101.2:9900],DomainName=, MachineName=, ClientType=0, LoginType=0|
2015-11-22 17:29:56,532-2856 | INFO|IVS|1||IVS_SDK_GetDeviceList|||0|2015-11-22 17:29:56.451|2015-11-22 17:29:56.532|0|DeviceType=2,BufSize=9812|
2015-11-22 17:29:56,570-2856 |ERROR|IVS|1||IVS_SDK_StartRealPlay|||0|2015-11-22 17:29:56.533|2015-11-22 17:29:56.570|129108001|CameraCode=02319340000000000101#b6bfedbd2bb84861913ac25d21d88241|
2015-11-22 17:31:51,410-4348 | CRIT|==============log start============|
2015-11-22 17:31:51,459-4348 | INFO|IVS|1||IVS_SDK_Init||||2015-11-22 17:31:51.407|2015-11-22 17:31:51.459|0||
2015-11-22 17:31:54,477-4348 | INFO|IVS|1||IVS_SDK_Login||||2015-11-22 17:31:54.335|2015-11-22 17:31:54.477|0|SerIP=[172.17.101.2:9900],DomainName=, MachineName=, ClientType=0, LoginType=0|
2015-11-22 17:31:54,568-4348 | INFO|IVS|1||IVS_SDK_GetDeviceList|||0|2015-11-22 17:31:54.477|2015-11-22 17:31:54.568|0|DeviceType=2,BufSize=9812|
2015-11-22 17:31:54,610-4348 |ERROR|IVS|1||IVS_SDK_StartRealPlay|||0|2015-11-22 17:31:54.568|2015-11-22 17:31:54.610|129108001|CameraCode=02319340000000000101#b6bfedbd2bb84861913ac25d21d88241|
2015-11-22 17:33:39,502-4468 | CRIT|==============log start============|
2015-11-22 17:33:39,549-4468 | INFO|IVS|1||IVS_SDK_Init||||2015-11-22 17:33:39.502|2015-11-22 17:33:39.549|0||
2015-11-22 17:33:42,109-4468 | INFO|IVS|1||IVS_SDK_Login||||2015-11-22 17:33:41.907|2015-11-22 17:33:42.109|0|SerIP=[172.17.101.2:9900],DomainName=, MachineName=, ClientType=0, LoginType=0|
2015-11-22 17:33:42,207-4468 | INFO|IVS|1||IVS_SDK_GetDeviceList|||0|2015-11-22 17:33:42.109|2015-11-22 17:33:42.207|0|DeviceType=2,BufSize=9812|
2015-11-22 17:33:42,309-4468 | INFO|IVS|1||IVS_SDK_StartRealPlay|||0|2015-11-22 17:33:42.207|2015-11-22 17:33:42.309|0|CameraCode=05523330000000000101#b6bfedbd2bb84861913ac25d21d88241|
